  Arkanoid.cpp
  Game.cpp
C:\Users\progu\Desktop\PoliBuda\3 semestr\Informatyka\Informatyka_2_semestr_zimowy_2025-2026\Arkanoid\Game.cpp(5,35): warning C4244: "argument": konwersja z "float" do "unsigned int", możliwa utrata danych
C:\Users\progu\Desktop\PoliBuda\3 semestr\Informatyka\Informatyka_2_semestr_zimowy_2025-2026\Arkanoid\Game.cpp(5,28): warning C4244: "argument": konwersja z "float" do "unsigned int", możliwa utrata danych
C:\Users\progu\Desktop\PoliBuda\3 semestr\Informatyka\Informatyka_2_semestr_zimowy_2025-2026\Arkanoid\Game.cpp(8,48): warning C4244: "argument": konwersja z "T" do "float", możliwa utrata danych
C:\Users\progu\Desktop\PoliBuda\3 semestr\Informatyka\Informatyka_2_semestr_zimowy_2025-2026\Arkanoid\Game.cpp(8,48): warning C4244:         with
C:\Users\progu\Desktop\PoliBuda\3 semestr\Informatyka\Informatyka_2_semestr_zimowy_2025-2026\Arkanoid\Game.cpp(8,48): warning C4244:         [
C:\Users\progu\Desktop\PoliBuda\3 semestr\Informatyka\Informatyka_2_semestr_zimowy_2025-2026\Arkanoid\Game.cpp(8,48): warning C4244:             T=unsigned int
C:\Users\progu\Desktop\PoliBuda\3 semestr\Informatyka\Informatyka_2_semestr_zimowy_2025-2026\Arkanoid\Game.cpp(8,48): warning C4244:         ]
C:\Users\progu\Desktop\PoliBuda\3 semestr\Informatyka\Informatyka_2_semestr_zimowy_2025-2026\Arkanoid\Game.cpp(8,28): warning C4244: "argument": konwersja z "T" do "float", możliwa utrata danych
C:\Users\progu\Desktop\PoliBuda\3 semestr\Informatyka\Informatyka_2_semestr_zimowy_2025-2026\Arkanoid\Game.cpp(8,28): warning C4244:         with
C:\Users\progu\Desktop\PoliBuda\3 semestr\Informatyka\Informatyka_2_semestr_zimowy_2025-2026\Arkanoid\Game.cpp(8,28): warning C4244:         [
C:\Users\progu\Desktop\PoliBuda\3 semestr\Informatyka\Informatyka_2_semestr_zimowy_2025-2026\Arkanoid\Game.cpp(8,28): warning C4244:             T=unsigned int
C:\Users\progu\Desktop\PoliBuda\3 semestr\Informatyka\Informatyka_2_semestr_zimowy_2025-2026\Arkanoid\Game.cpp(8,28): warning C4244:         ]
  GameSnapshot.cpp
  Paletka.cpp
  Pilka.cpp
  Trwa generowanie kodu
  Previous IPDB and IOBJ mismatch, fall back to full compilation.
  All 470 functions were compiled because no usable IPDB/IOBJ from previous compilation was found.
  Zakończono generowanie kodu
  Arkanoid.vcxproj -> C:\Users\progu\Desktop\PoliBuda\3 semestr\Informatyka\Informatyka_2_semestr_zimowy_2025-2026\Arkanoid\x64\Release\Arkanoid.exe
